2015-05-04 20:30:00,944 [INFO] defaultLogger: ----------------FETCHED FROM DB---------------
2015-05-04 20:30:00,944 [INFO] defaultLogger: Course: 1DV008
2015-05-04 20:30:00,944 [INFO] defaultLogger: -----------------END OF FETCH-----------------
2015-05-04 20:30:00,944 [INFO] defaultLogger:  
2015-05-04 20:30:05,229 [INFO] defaultLogger: ----------------FAILED REQUEST---------------
2015-05-04 20:30:05,230 [INFO] defaultLogger: Course: 1DV009
2015-05-04 20:30:05,230 [INFO] defaultLogger: URL: http://lnu.se/utbildning/kurser/1DV009
2015-05-04 20:30:05,230 [INFO] defaultLogger: Request response: <Response [404]>
2015-05-04 20:30:05,230 [INFO] defaultLogger: ----------------END OF REQUEST---------------
2015-05-04 20:30:05,230 [INFO] defaultLogger:  
2015-05-04 20:30:16,187 [INFO] defaultLogger: ----------------FAILED REQUEST---------------
2015-05-04 20:30:16,187 [INFO] defaultLogger: Course: '1' = 1
2015-05-04 20:30:16,187 [INFO] defaultLogger: URL: http://lnu.se/utbildning/kurser/'1' = 1
2015-05-04 20:30:16,187 [INFO] defaultLogger: Request response: <Response [404]>
2015-05-04 20:30:16,187 [INFO] defaultLogger: ----------------END OF REQUEST---------------
2015-05-04 20:30:16,187 [INFO] defaultLogger:  
2015-05-04 20:48:51,294 [INFO] defaultLogger: ----------------FETCHED FROM DB---------------
2015-05-04 20:48:51,294 [INFO] defaultLogger: Course: 1DV008
2015-05-04 20:48:51,294 [INFO] defaultLogger: -----------------END OF FETCH-----------------
2015-05-04 20:48:51,294 [INFO] defaultLogger:  
2015-05-04 20:52:56,976 [INFO] defaultLogger: ----------------FAILED REQUEST---------------
2015-05-04 20:52:56,978 [INFO] defaultLogger: Course: AOEU
2015-05-04 20:52:56,978 [INFO] defaultLogger: URL: http://lnu.se/utbildning/kurser/AOEU
2015-05-04 20:52:56,978 [INFO] defaultLogger: Request response: <Response [404]>
2015-05-04 20:52:56,978 [INFO] defaultLogger: ----------------END OF REQUEST---------------
2015-05-04 20:52:56,978 [INFO] defaultLogger:  
2015-05-04 20:54:52,157 [INFO] defaultLogger: ----------------FAILED REQUEST---------------
2015-05-04 20:54:52,158 [INFO] defaultLogger: Course: AUUAUOE
2015-05-04 20:54:52,158 [INFO] defaultLogger: URL: http://lnu.se/utbildning/kurser/AUUAUOE
2015-05-04 20:54:52,158 [INFO] defaultLogger: Request response: <Response [404]>
2015-05-04 20:54:52,158 [INFO] defaultLogger: ----------------END OF REQUEST---------------
2015-05-04 20:54:52,158 [INFO] defaultLogger:  
2015-05-04 20:55:14,375 [INFO] defaultLogger: ----------------FETCHED FROM DB---------------
2015-05-04 20:55:14,377 [INFO] defaultLogger: Course: 1DV008
2015-05-04 20:55:14,377 [INFO] defaultLogger: -----------------END OF FETCH-----------------
2015-05-04 20:55:14,377 [INFO] defaultLogger:  
2015-05-04 20:55:36,793 [INFO] defaultLogger: ----------------FETCHED FROM DB---------------
2015-05-04 20:55:36,795 [INFO] defaultLogger: Course: 1DV008
2015-05-04 20:55:36,795 [INFO] defaultLogger: -----------------END OF FETCH-----------------
2015-05-04 20:55:36,795 [INFO] defaultLogger:  
