2015-05-04 20:34:45,747 [ERROR] django.request: Internal Server Error: /
Traceback (most recent call last):
  File "/home/rasmus/.local/lib/python2.7/site-packages/django/core/handlers/base.py", line 119, in get_response
    resolver_match = resolver.resolve(request.path_info)
  File "/home/rasmus/.local/lib/python2.7/site-packages/django/core/urlresolvers.py", line 366, in resolve
    for pattern in self.url_patterns:
  File "/home/rasmus/.local/lib/python2.7/site-packages/django/core/urlresolvers.py", line 402, in url_patterns
    patterns = getattr(self.urlconf_module, "urlpatterns", self.urlconf_module)
  File "/home/rasmus/.local/lib/python2.7/site-packages/django/core/urlresolvers.py", line 396, in urlconf_module
    self._urlconf_module = import_module(self.urlconf_name)
  File "/usr/lib/python2.7/importlib/__init__.py", line 37, in import_module
    __import__(name)
  File "/home/rasmus/Documents/python/timeedit-project/server/django/settings/urls.py", line 5, in <module>
    from timeedit.views import IndexView, allCouseCodesInJSON, allCoursesInJSON, CourseView
  File "/home/rasmus/Documents/python/timeedit-project/server/django/timeedit/views.py", line 16, in <module>
    from ipware.ip import get_ip
ImportError: No module named ipware.ip
2015-05-04 20:50:08,861 [ERROR] django.request: Internal Server Error: /
Traceback (most recent call last):
  File "/home/rasmus/.local/lib/python2.7/site-packages/django/core/handlers/base.py", line 119, in get_response
    resolver_match = resolver.resolve(request.path_info)
  File "/home/rasmus/.local/lib/python2.7/site-packages/django/core/urlresolvers.py", line 366, in resolve
    for pattern in self.url_patterns:
  File "/home/rasmus/.local/lib/python2.7/site-packages/django/core/urlresolvers.py", line 402, in url_patterns
    patterns = getattr(self.urlconf_module, "urlpatterns", self.urlconf_module)
  File "/home/rasmus/.local/lib/python2.7/site-packages/django/core/urlresolvers.py", line 396, in urlconf_module
    self._urlconf_module = import_module(self.urlconf_name)
  File "/usr/lib/python2.7/importlib/__init__.py", line 37, in import_module
    __import__(name)
  File "/home/rasmus/Documents/python/timeedit-project/server/django/settings/urls.py", line 5, in <module>
    from timeedit.views import IndexView, allCouseCodesInJSON, allCoursesInJSON, CourseView
  File "/home/rasmus/Documents/python/timeedit-project/server/django/timeedit/views.py", line 16, in <module>
    from ipware.ip import get_ip
ImportError: No module named ipware.ip
2015-05-04 20:51:59,423 [ERROR] django.request: Internal Server Error: /
Traceback (most recent call last):
  File "/home/rasmus/.local/lib/python2.7/site-packages/django/core/handlers/base.py", line 119, in get_response
    resolver_match = resolver.resolve(request.path_info)
  File "/home/rasmus/.local/lib/python2.7/site-packages/django/core/urlresolvers.py", line 366, in resolve
    for pattern in self.url_patterns:
  File "/home/rasmus/.local/lib/python2.7/site-packages/django/core/urlresolvers.py", line 402, in url_patterns
    patterns = getattr(self.urlconf_module, "urlpatterns", self.urlconf_module)
  File "/home/rasmus/.local/lib/python2.7/site-packages/django/core/urlresolvers.py", line 396, in urlconf_module
    self._urlconf_module = import_module(self.urlconf_name)
  File "/usr/lib/python2.7/importlib/__init__.py", line 37, in import_module
    __import__(name)
  File "/home/rasmus/Documents/python/timeedit-project/server/django/settings/urls.py", line 5, in <module>
    from timeedit.views import IndexView, allCouseCodesInJSON, allCoursesInJSON, CourseView
  File "/home/rasmus/Documents/python/timeedit-project/server/django/timeedit/views.py", line 16, in <module>
    from ipware.ip import get_ip
ImportError: No module named ipware.ip
2015-05-04 20:53:28,246 [ERROR] django.request: Internal Server Error: /
Traceback (most recent call last):
  File "/home/rasmus/.local/lib/python2.7/site-packages/django/core/handlers/base.py", line 119, in get_response
    resolver_match = resolver.resolve(request.path_info)
  File "/home/rasmus/.local/lib/python2.7/site-packages/django/core/urlresolvers.py", line 366, in resolve
    for pattern in self.url_patterns:
  File "/home/rasmus/.local/lib/python2.7/site-packages/django/core/urlresolvers.py", line 402, in url_patterns
    patterns = getattr(self.urlconf_module, "urlpatterns", self.urlconf_module)
  File "/home/rasmus/.local/lib/python2.7/site-packages/django/core/urlresolvers.py", line 396, in urlconf_module
    self._urlconf_module = import_module(self.urlconf_name)
  File "/usr/lib/python2.7/importlib/__init__.py", line 37, in import_module
    __import__(name)
  File "/home/rasmus/Documents/python/timeedit-project/server/django/settings/urls.py", line 5, in <module>
    from timeedit.views import IndexView, allCouseCodesInJSON, allCoursesInJSON, CourseView
  File "/home/rasmus/Documents/python/timeedit-project/server/django/timeedit/views.py", line 16, in <module>
    from ipware.ip import get_ip
ImportError: No module named ipware.ip
2015-05-04 20:53:37,592 [ERROR] django.request: Internal Server Error: /
Traceback (most recent call last):
  File "/home/rasmus/.local/lib/python2.7/site-packages/django/core/handlers/base.py", line 119, in get_response
    resolver_match = resolver.resolve(request.path_info)
  File "/home/rasmus/.local/lib/python2.7/site-packages/django/core/urlresolvers.py", line 366, in resolve
    for pattern in self.url_patterns:
  File "/home/rasmus/.local/lib/python2.7/site-packages/django/core/urlresolvers.py", line 402, in url_patterns
    patterns = getattr(self.urlconf_module, "urlpatterns", self.urlconf_module)
  File "/home/rasmus/.local/lib/python2.7/site-packages/django/core/urlresolvers.py", line 396, in urlconf_module
    self._urlconf_module = import_module(self.urlconf_name)
  File "/usr/lib/python2.7/importlib/__init__.py", line 37, in import_module
    __import__(name)
  File "/home/rasmus/Documents/python/timeedit-project/server/django/settings/urls.py", line 5, in <module>
    from timeedit.views import IndexView, allCouseCodesInJSON, allCoursesInJSON, CourseView
  File "/home/rasmus/Documents/python/timeedit-project/server/django/timeedit/views.py", line 16, in <module>
    from ipware.ip import get_ip
ImportError: No module named ipware.ip
